0 info it worked if it ends with ok
1 verbose cli [ 'C:\\Program Files\\nodejs\\node.exe',
1 verbose cli   'C:\\Program Files\\nodejs\\node_modules\\npm\\bin\\npm-cli.js',
1 verbose cli   'run',
1 verbose cli   'reset-db' ]
2 info using npm@3.10.10
3 info using node@v6.10.3
4 verbose run-script [ 'prereset-db', 'reset-db', 'postreset-db' ]
5 info lifecycle angular-io-example@1.0.0~prereset-db: angular-io-example@1.0.0
6 silly lifecycle angular-io-example@1.0.0~prereset-db: no script for prereset-db, continuing
7 info lifecycle angular-io-example@1.0.0~reset-db: angular-io-example@1.0.0
8 verbose lifecycle angular-io-example@1.0.0~reset-db: unsafe-perm in lifecycle true
9 verbose lifecycle angular-io-example@1.0.0~reset-db: PATH: C:\Program Files\nodejs\node_modules\npm\bin\node-gyp-bin;C:\Users\Jens\Desktop\SEBA-Team-19\node_modules\.bin;C:\WINDOWS\system32;C:\WINDOWS;C:\WINDOWS\System32\Wbem;C:\WINDOWS\System32\WindowsPowerShell\v1.0\;C:\Program Files\Intel\WiFi\bin\;C:\Program Files\Common Files\Intel\WirelessCommon\;C:\Program Files\Git\cmd;C:\Program Files (x86)\GnuPG\bin;C:\Program Files (x86)\GNU\GnuPG\pub;C:\Program Files (x86)\Skype\Phone\;C:\Program Files\nodejs\;C:\Users\Jens\AppData\Local\Microsoft\WindowsApps;C:\Users\Jens\AppData\Roaming\npm
10 verbose lifecycle angular-io-example@1.0.0~reset-db: CWD: C:\Users\Jens\Desktop\SEBA-Team-19
11 silly lifecycle angular-io-example@1.0.0~reset-db: Args: [ '/d /s /c', 'ts-node server/src/database/database-reset.ts' ]
12 silly lifecycle angular-io-example@1.0.0~reset-db: Returned: code: 1  signal: null
13 info lifecycle angular-io-example@1.0.0~reset-db: Failed to exec reset-db script
14 verbose stack Error: angular-io-example@1.0.0 reset-db: `ts-node server/src/database/database-reset.ts`
14 verbose stack Exit status 1
14 verbose stack     at EventEmitter.<anonymous> (C:\Program Files\nodejs\node_modules\npm\lib\utils\lifecycle.js:255:16)
14 verbose stack     at emitTwo (events.js:106:13)
14 verbose stack     at EventEmitter.emit (events.js:191:7)
14 verbose stack     at ChildProcess.<anonymous> (C:\Program Files\nodejs\node_modules\npm\lib\utils\spawn.js:40:14)
14 verbose stack     at emitTwo (events.js:106:13)
14 verbose stack     at ChildProcess.emit (events.js:191:7)
14 verbose stack     at maybeClose (internal/child_process.js:886:16)
14 verbose stack     at Process.ChildProcess._handle.onexit (internal/child_process.js:226:5)
15 verbose pkgid angular-io-example@1.0.0
16 verbose cwd C:\Users\Jens\Desktop\SEBA-Team-19
17 error Windows_NT 10.0.14393
18 error argv "C:\\Program Files\\nodejs\\node.exe" "C:\\Program Files\\nodejs\\node_modules\\npm\\bin\\npm-cli.js" "run" "reset-db"
19 error node v6.10.3
20 error npm  v3.10.10
21 error code ELIFECYCLE
22 error angular-io-example@1.0.0 reset-db: `ts-node server/src/database/database-reset.ts`
22 error Exit status 1
23 error Failed at the angular-io-example@1.0.0 reset-db script 'ts-node server/src/database/database-reset.ts'.
23 error Make sure you have the latest version of node.js and npm installed.
23 error If you do, this is most likely a problem with the angular-io-example package,
23 error not with npm itself.
23 error Tell the author that this fails on your system:
23 error     ts-node server/src/database/database-reset.ts
23 error You can get information on how to open an issue for this project with:
23 error     npm bugs angular-io-example
23 error Or if that isn't available, you can get their info via:
23 error     npm owner ls angular-io-example
23 error There is likely additional logging output above.
24 verbose exit [ 1, true ]
